[2018-10-16T12:13:19.927] [INFO] CSI - Server running at: http://0.0.0.0:9999
[2018-10-16T12:13:25.298] [INFO] CSI - undefined
[2018-10-16T12:13:25.299] [INFO] CSI - *** YellowPages$init:1
[2018-10-16T12:13:25.311] [INFO] CSI - SubServer running at: http://0.0.0.0:10000
[2018-10-16T12:13:25.313] [INFO] CSI - undefined
[2018-10-16T12:13:25.314] [INFO] CSI - *** IDManager$init:1
[2018-10-16T12:13:25.328] [INFO] CSI - SubServer running at: http://0.0.0.0:10002
[2018-10-16T12:13:25.329] [INFO] CSI - undefined
[2018-10-16T12:13:25.330] [INFO] CSI - *** AccessManager$init:1
[2018-10-16T12:13:25.337] [INFO] CSI - SubServer running at: http://0.0.0.0:10003
[2018-10-16T12:13:25.338] [INFO] CSI - undefined
[2018-10-16T12:13:25.338] [INFO] CSI - *** Login$init:1
[2018-10-16T12:13:25.347] [INFO] CSI - SubServer running at: http://0.0.0.0:10001
[2018-10-16T12:13:25.357] [INFO] CSI - *** YellowPages$provide:1
[2018-10-16T12:13:25.359] [INFO] CSI - *** YellowPages$provide:1
[2018-10-16T12:13:25.360] [INFO] CSI - *** YellowPages$provide:1
[2018-10-16T12:13:25.361] [INFO] CSI - *** YellowPages$require:1
[2018-10-16T12:13:25.369] [INFO] CSI - *** Login$fulfil:1
[2018-10-16T12:13:25.369] [INFO] CSI - *** Login$fulfil:1
[2018-10-16T12:13:28.644] [INFO] CSI - *** Login$login/{sid}:1
[2018-10-16T12:13:31.229] [INFO] CSI - *** Login$keyExchange:1
[2018-10-16T12:13:31.610] [INFO] CSI - *** Login$login/{sid}:1
[2018-10-16T12:13:31.614] [INFO] CSI - *** IDManager$verify/{unm}:1
[2018-10-16T12:13:31.618] [INFO] CSI - *** AccessManager$verify/{unm}:1
[2018-10-16T12:51:26.820] [INFO] CSI - undefined
[2018-10-16T12:51:26.821] [INFO] CSI - undefined
[2018-10-16T12:51:26.821] [INFO] CSI - undefined
[2018-10-16T12:51:26.822] [INFO] CSI - undefined
[2018-10-16T13:04:42.153] [INFO] CSI - *** Login$keyExchange:1
[2018-10-16T13:04:43.352] [INFO] CSI - *** Login$login/{sid}:1
[2018-10-16T13:04:43.354] [INFO] CSI - *** IDManager$verify/{unm}:1
[2018-10-16T13:04:43.356] [INFO] CSI - *** AccessManager$verify/{unm}:1
